<?xml version="1.0" encoding="UTF-8"?>
<coverage generated="1671625574">
  <project timestamp="1671625574">
    <file name="/Users/jessegall/Projects/lightspeed-sdk/src/Enums/WebhookAction.php">
      <line num="5" type="stmt" count="0"/>
      <line num="6" type="stmt" count="0"/>
      <line num="7" type="stmt" count="0"/>
      <line num="8" type="stmt" count="0"/>
      <line num="9" type="stmt" count="0"/>
      <line num="10" type="stmt" count="0"/>
      <line num="11" type="stmt" count="0"/>
      <line num="12" type="stmt" count="0"/>
      <line num="13" type="stmt" count="0"/>
      <line num="14" type="stmt" count="0"/>
      <metrics loc="15" ncloc="15" classes="0" methods="0" coveredmethods="0" conditionals="0" coveredconditionals="0" statements="10" coveredstatements="0" elements="10" coveredelements="0"/>
    </file>
    <file name="/Users/jessegall/Projects/lightspeed-sdk/src/Enums/WebhookGroup.php">
      <line num="5" type="stmt" count="0"/>
      <line num="6" type="stmt" count="0"/>
      <line num="7" type="stmt" count="0"/>
      <line num="8" type="stmt" count="0"/>
      <line num="9" type="stmt" count="0"/>
      <line num="10" type="stmt" count="0"/>
      <line num="11" type="stmt" count="0"/>
      <line num="12" type="stmt" count="0"/>
      <line num="13" type="stmt" count="0"/>
      <line num="14" type="stmt" count="0"/>
      <line num="15" type="stmt" count="0"/>
      <line num="16" type="stmt" count="0"/>
      <line num="17" type="stmt" count="0"/>
      <metrics loc="17" ncloc="17" classes="0" methods="0" coveredmethods="0" conditionals="0" coveredconditionals="0" statements="13" coveredstatements="0" elements="13" coveredelements="0"/>
    </file>
    <file name="/Users/jessegall/Projects/lightspeed-sdk/src/Exceptions/IdNullException.php">
      <class name="JesseGall\LightspeedSDK\Exceptions\IdNullException" namespace="global">
        <metrics complexity="1" methods="1" coveredmethods="1" conditionals="0" coveredconditionals="0" statements="1" coveredstatements="1" elements="2" coveredelements="2"/>
      </class>
      <line num="8" type="method" name="__construct" visibility="public" complexity="1" crap="1" count="3"/>
      <line num="10" type="stmt" count="3"/>
      <metrics loc="13" ncloc="13" classes="1" methods="1" coveredmethods="1" conditionals="0" coveredconditionals="0" statements="1" coveredstatements="1" elements="2" coveredelements="2"/>
    </file>
    <file name="/Users/jessegall/Projects/lightspeed-sdk/src/Exceptions/Lightspeed/ResourceNotFoundException.php">
      <class name="JesseGall\LightspeedSDK\Exceptions\Lightspeed\ResourceNotFoundException" namespace="global">
        <metrics complexity="3" methods="3" coveredmethods="3" conditionals="0" coveredconditionals="0" statements="5" coveredstatements="5" elements="8" coveredelements="8"/>
      </class>
      <line num="26" type="method" name="__construct" visibility="public" complexity="1" crap="1" count="4"/>
      <line num="28" type="stmt" count="4"/>
      <line num="30" type="stmt" count="4"/>
      <line num="31" type="stmt" count="4"/>
      <line num="37" type="method" name="getType" visibility="public" complexity="1" crap="1" count="1"/>
      <line num="39" type="stmt" count="1"/>
      <line num="45" type="method" name="getId" visibility="public" complexity="1" crap="1" count="1"/>
      <line num="47" type="stmt" count="1"/>
      <metrics loc="50" ncloc="31" classes="1" methods="3" coveredmethods="3" conditionals="0" coveredconditionals="0" statements="5" coveredstatements="5" elements="8" coveredelements="8"/>
    </file>
    <file name="/Users/jessegall/Projects/lightspeed-sdk/src/Exceptions/MultipleInstancesException.php">
      <class name="JesseGall\LightspeedSDK\Exceptions\MultipleInstancesException" namespace="global">
        <metrics complexity="1" methods="1" coveredmethods="0" conditionals="0" coveredconditionals="0" statements="1" coveredstatements="0" elements="2" coveredelements="0"/>
      </class>
      <line num="10" type="method" name="__construct" visibility="public" complexity="1" crap="2" count="0"/>
      <line num="12" type="stmt" count="0"/>
      <metrics loc="15" ncloc="15" classes="1" methods="1" coveredmethods="0" conditionals="0" coveredconditionals="0" statements="1" coveredstatements="0" elements="2" coveredelements="0"/>
    </file>
    <file name="/Users/jessegall/Projects/lightspeed-sdk/src/Exceptions/NotImplementedException.php">
      <class name="JesseGall\LightspeedSDK\Exceptions\NotImplementedException" namespace="global">
        <metrics complexity="0" methods="0" coveredmethods="0" conditionals="0" coveredconditionals="0" statements="0" coveredstatements="0" elements="0" coveredelements="0"/>
      </class>
      <metrics loc="8" ncloc="8" classes="0" methods="0" coveredmethods="0" conditionals="0" coveredconditionals="0" statements="0" coveredstatements="0" elements="0" coveredelements="0"/>
    </file>
    <file name="/Users/jessegall/Projects/lightspeed-sdk/src/Exceptions/UnknownMethodException.php">
      <class name="JesseGall\LightspeedSDK\Exceptions\UnknownMethodException" namespace="global">
        <metrics complexity="1" methods="1" coveredmethods="0" conditionals="0" coveredconditionals="0" statements="1" coveredstatements="0" elements="2" coveredelements="0"/>
      </class>
      <line num="11" type="method" name="__construct" visibility="public" complexity="1" crap="2" count="0"/>
      <line num="13" type="stmt" count="0"/>
      <metrics loc="16" ncloc="13" classes="1" methods="1" coveredmethods="0" conditionals="0" coveredconditionals="0" statements="1" coveredstatements="0" elements="2" coveredelements="0"/>
    </file>
    <file name="/Users/jessegall/Projects/lightspeed-sdk/src/Handlers/ExceptionTransformer.php">
      <class name="JesseGall\LightspeedSDK\Handlers\ExceptionTransformer" namespace="global">
        <metrics complexity="3" methods="1" coveredmethods="1" conditionals="0" coveredconditionals="0" statements="9" coveredstatements="9" elements="10" coveredelements="10"/>
      </class>
      <line num="14" type="method" name="__construct" visibility="public" complexity="3" crap="3" count="4"/>
      <line num="16" type="stmt" count="4"/>
      <line num="17" type="stmt" count="4"/>
      <line num="18" type="stmt" count="4"/>
      <line num="20" type="stmt" count="4"/>
      <line num="22" type="stmt" count="4"/>
      <line num="23" type="stmt" count="3"/>
      <line num="26" type="stmt" count="1"/>
      <line num="27" type="stmt" count="4"/>
      <line num="28" type="stmt" count="4"/>
      <metrics loc="31" ncloc="31" classes="1" methods="1" coveredmethods="1" conditionals="0" coveredconditionals="0" statements="9" coveredstatements="9" elements="10" coveredelements="10"/>
    </file>
    <file name="/Users/jessegall/Projects/lightspeed-sdk/src/Handlers/RetryTooManyRequestsHandler.php">
      <class name="JesseGall\LightspeedSDK\Handlers\RetryTooManyRequestsHandler" namespace="global">
        <metrics complexity="4" methods="2" coveredmethods="0" conditionals="0" coveredconditionals="0" statements="6" coveredstatements="2" elements="8" coveredelements="2"/>
      </class>
      <line num="14" type="method" name="__construct" visibility="public" complexity="2" crap="2.86" count="1"/>
      <line num="16" type="stmt" count="1"/>
      <line num="17" type="stmt" count="0"/>
      <line num="18" type="stmt" count="0"/>
      <line num="21" type="stmt" count="0"/>
      <line num="22" type="stmt" count="1"/>
      <line num="25" type="method" name="isTooManyRequestsException" visibility="public" complexity="2" crap="6" count="0"/>
      <line num="27" type="stmt" count="0"/>
      <metrics loc="30" ncloc="30" classes="1" methods="2" coveredmethods="0" conditionals="0" coveredconditionals="0" statements="6" coveredstatements="2" elements="8" coveredelements="2"/>
    </file>
    <file name="/Users/jessegall/Projects/lightspeed-sdk/src/LightspeedAccount.php">
      <class name="JesseGall\LightspeedSDK\LightspeedAccount" namespace="global">
        <metrics complexity="9" methods="9" coveredmethods="0" conditionals="0" coveredconditionals="0" statements="12" coveredstatements="0" elements="21" coveredelements="0"/>
      </class>
      <line num="13" type="method" name="__construct" visibility="public" complexity="1" crap="2" count="0"/>
      <line num="15" type="stmt" count="0"/>
      <line num="16" type="stmt" count="0"/>
      <line num="17" type="stmt" count="0"/>
      <line num="18" type="stmt" count="0"/>
      <line num="21" type="method" name="getServer" visibility="public" complexity="1" crap="2" count="0"/>
      <line num="23" type="stmt" count="0"/>
      <line num="26" type="method" name="setServer" visibility="public" complexity="1" crap="2" count="0"/>
      <line num="28" type="stmt" count="0"/>
      <line num="31" type="method" name="getKey" visibility="public" complexity="1" crap="2" count="0"/>
      <line num="33" type="stmt" count="0"/>
      <line num="36" type="method" name="setKey" visibility="public" complexity="1" crap="2" count="0"/>
      <line num="38" type="stmt" count="0"/>
      <line num="41" type="method" name="getSecret" visibility="public" complexity="1" crap="2" count="0"/>
      <line num="43" type="stmt" count="0"/>
      <line num="46" type="method" name="setSecret" visibility="public" complexity="1" crap="2" count="0"/>
      <line num="48" type="stmt" count="0"/>
      <line num="51" type="method" name="getLanguage" visibility="public" complexity="1" crap="2" count="0"/>
      <line num="53" type="stmt" count="0"/>
      <line num="56" type="method" name="setLanguage" visibility="public" complexity="1" crap="2" count="0"/>
      <line num="58" type="stmt" count="0"/>
      <metrics loc="61" ncloc="61" classes="1" methods="9" coveredmethods="0" conditionals="0" coveredconditionals="0" statements="12" coveredstatements="0" elements="21" coveredelements="0"/>
    </file>
    <file name="/Users/jessegall/Projects/lightspeed-sdk/src/LightspeedApi.php">
      <class name="JesseGall\LightspeedSDK\LightspeedApi" namespace="global">
        <metrics complexity="10" methods="7" coveredmethods="4" conditionals="0" coveredconditionals="0" statements="17" coveredstatements="14" elements="24" coveredelements="18"/>
      </class>
      <line num="138" type="method" name="__callStatic" visibility="public" complexity="3" crap="3.33" count="11"/>
      <line num="140" type="stmt" count="11"/>
      <line num="141" type="stmt" count="11"/>
      <line num="144" type="stmt" count="0"/>
      <line num="150" type="method" name="client" visibility="public" complexity="2" crap="2" count="108"/>
      <line num="152" type="stmt" count="108"/>
      <line num="153" type="stmt" count="1"/>
      <line num="155" type="stmt" count="1"/>
      <line num="156" type="stmt" count="1"/>
      <line num="157" type="stmt" count="1"/>
      <line num="158" type="stmt" count="1"/>
      <line num="159" type="stmt" count="1"/>
      <line num="160" type="stmt" count="1"/>
      <line num="163" type="stmt" count="108"/>
      <line num="171" type="method" name="getCacheHandler" visibility="public" complexity="1" crap="2" count="0"/>
      <line num="173" type="stmt" count="0"/>
      <line num="182" type="method" name="setCacheHandler" visibility="public" complexity="1" crap="2" count="0"/>
      <line num="184" type="stmt" count="0"/>
      <line num="193" type="method" name="registerInterceptor" visibility="public" complexity="1" crap="1" count="13"/>
      <line num="195" type="stmt" count="13"/>
      <line num="203" type="method" name="clearInterceptors" visibility="public" complexity="1" crap="1" count="108"/>
      <line num="205" type="stmt" count="108"/>
      <line num="213" type="method" name="clearCache" visibility="public" complexity="1" crap="1" count="108"/>
      <line num="215" type="stmt" count="108"/>
      <metrics loc="218" ncloc="67" classes="1" methods="7" coveredmethods="4" conditionals="0" coveredconditionals="0" statements="17" coveredstatements="14" elements="24" coveredelements="18"/>
    </file>
    <file name="/Users/jessegall/Projects/lightspeed-sdk/src/LightspeedSDK.php">
      <class name="JesseGall\LightspeedSDK\LightspeedSDK" namespace="global">
        <metrics complexity="8" methods="6" coveredmethods="5" conditionals="0" coveredconditionals="0" statements="12" coveredstatements="7" elements="18" coveredelements="12"/>
      </class>
      <line num="16" type="method" name="instance" visibility="public" complexity="2" crap="2" count="108"/>
      <line num="18" type="stmt" count="108"/>
      <line num="19" type="stmt" count="1"/>
      <line num="22" type="stmt" count="108"/>
      <line num="25" type="method" name="loadEnvironmentVariables" visibility="public" complexity="1" crap="2" count="0"/>
      <line num="27" type="stmt" count="0"/>
      <line num="29" type="stmt" count="0"/>
      <line num="30" type="stmt" count="0"/>
      <line num="31" type="stmt" count="0"/>
      <line num="32" type="stmt" count="0"/>
      <line num="35" type="method" name="setServer" visibility="public" complexity="1" crap="1" count="108"/>
      <line num="37" type="stmt" count="108"/>
      <line num="40" type="method" name="setKey" visibility="public" complexity="1" crap="1" count="108"/>
      <line num="42" type="stmt" count="108"/>
      <line num="45" type="method" name="setSecret" visibility="public" complexity="1" crap="1" count="108"/>
      <line num="47" type="stmt" count="108"/>
      <line num="50" type="method" name="setLanguage" visibility="public" complexity="1" crap="1" count="108"/>
      <line num="52" type="stmt" count="108"/>
      <metrics loc="55" ncloc="55" classes="1" methods="6" coveredmethods="5" conditionals="0" coveredconditionals="0" statements="12" coveredstatements="7" elements="18" coveredelements="12"/>
    </file>
    <file name="/Users/jessegall/Projects/lightspeed-sdk/src/Resources/Account.php">
      <class name="JesseGall\LightspeedSDK\Resources\Account" namespace="global">
        <metrics complexity="10" methods="10" coveredmethods="10" conditionals="0" coveredconditionals="0" statements="13" coveredstatements="13" elements="23" coveredelements="23"/>
      </class>
      <line num="33" type="method" name="getAppId" visibility="public" complexity="1" crap="1" count="1"/>
      <line num="35" type="stmt" count="1"/>
      <line num="42" type="method" name="setAppId" visibility="public" complexity="1" crap="1" count="1"/>
      <line num="44" type="stmt" count="1"/>
      <line num="50" type="method" name="getApiKey" visibility="public" complexity="1" crap="1" count="1"/>
      <line num="52" type="stmt" count="1"/>
      <line num="59" type="method" name="setApiKey" visibility="public" complexity="1" crap="1" count="1"/>
      <line num="61" type="stmt" count="1"/>
      <line num="67" type="method" name="getPermissions" visibility="public" complexity="1" crap="1" count="1"/>
      <line num="69" type="stmt" count="1"/>
      <line num="76" type="method" name="setPermissions" visibility="public" complexity="1" crap="1" count="1"/>
      <line num="78" type="stmt" count="1"/>
      <line num="80" type="stmt" count="1"/>
      <line num="86" type="method" name="getRatelimit" visibility="public" complexity="1" crap="1" count="1"/>
      <line num="88" type="stmt" count="1"/>
      <line num="96" type="method" name="setRatelimit" visibility="public" complexity="1" crap="1" count="1"/>
      <line num="98" type="stmt" count="1"/>
      <line num="100" type="stmt" count="1"/>
      <line num="106" type="method" name="getMetafields" visibility="public" complexity="1" crap="1" count="1"/>
      <line num="108" type="stmt" count="1"/>
      <line num="116" type="method" name="setMetafields" visibility="public" complexity="1" crap="1" count="1"/>
      <line num="118" type="stmt" count="1"/>
      <line num="120" type="stmt" count="1"/>
      <metrics loc="124" ncloc="74" classes="1" methods="10" coveredmethods="10" conditionals="0" coveredconditionals="0" statements="13" coveredstatements="13" elements="23" coveredelements="23"/>
    </file>
    <file name="/Users/jessegall/Projects/lightspeed-sdk/src/Resources/AccountMetafield.php">
      <class name="JesseGall\LightspeedSDK\Resources\AccountMetafield" namespace="global">
        <metrics complexity="0" methods="0" coveredmethods="0" conditionals="0" coveredconditionals="0" statements="0" coveredstatements="0" elements="0" coveredelements="0"/>
      </class>
      <metrics loc="28" ncloc="13" classes="0" methods="0" coveredmethods="0" conditionals="0" coveredconditionals="0" statements="0" coveredstatements="0" elements="0" coveredelements="0"/>
    </file>
    <file name="/Users/jessegall/Projects/lightspeed-sdk/src/Resources/AccountPermissions.php">
      <class name="JesseGall\LightspeedSDK\Resources\AccountPermissions" namespace="global">
        <metrics complexity="12" methods="12" coveredmethods="12" conditionals="0" coveredconditionals="0" statements="12" coveredstatements="12" elements="24" coveredelements="24"/>
      </class>
      <line num="31" type="method" name="getContent" visibility="public" complexity="1" crap="1" count="1"/>
      <line num="33" type="stmt" count="1"/>
      <line num="40" type="method" name="setContent" visibility="public" complexity="1" crap="1" count="1"/>
      <line num="42" type="stmt" count="1"/>
      <line num="48" type="method" name="getProducts" visibility="public" complexity="1" crap="1" count="1"/>
      <line num="50" type="stmt" count="1"/>
      <line num="57" type="method" name="setProducts" visibility="public" complexity="1" crap="1" count="1"/>
      <line num="59" type="stmt" count="1"/>
      <line num="65" type="method" name="getCustomers" visibility="public" complexity="1" crap="1" count="1"/>
      <line num="67" type="stmt" count="1"/>
      <line num="74" type="method" name="setCustomers" visibility="public" complexity="1" crap="1" count="1"/>
      <line num="76" type="stmt" count="1"/>
      <line num="82" type="method" name="getOrders" visibility="public" complexity="1" crap="1" count="1"/>
      <line num="84" type="stmt" count="1"/>
      <line num="91" type="method" name="setOrders" visibility="public" complexity="1" crap="1" count="1"/>
      <line num="93" type="stmt" count="1"/>
      <line num="99" type="method" name="getSettings" visibility="public" complexity="1" crap="1" count="1"/>
      <line num="101" type="stmt" count="1"/>
      <line num="108" type="method" name="setSettings" visibility="public" complexity="1" crap="1" count="1"/>
      <line num="110" type="stmt" count="1"/>
      <line num="116" type="method" name="getTracking" visibility="public" complexity="1" crap="1" count="1"/>
      <line num="118" type="stmt" count="1"/>
      <line num="125" type="method" name="setTracking" visibility="public" complexity="1" crap="1" count="1"/>
      <line num="127" type="stmt" count="1"/>
      <metrics loc="131" ncloc="74" classes="1" methods="12" coveredmethods="12" conditionals="0" coveredconditionals="0" statements="12" coveredstatements="12" elements="24" coveredelements="24"/>
    </file>
    <file name="/Users/jessegall/Projects/lightspeed-sdk/src/Resources/AccountRatelimit.php">
      <class name="JesseGall\LightspeedSDK\Resources\AccountRatelimit" namespace="global">
        <metrics complexity="6" methods="6" coveredmethods="6" conditionals="0" coveredconditionals="0" statements="6" coveredstatements="6" elements="12" coveredelements="12"/>
      </class>
      <line num="31" type="method" name="getLimit5Min" visibility="public" complexity="1" crap="1" count="1"/>
      <line num="33" type="stmt" count="1"/>
      <line num="40" type="method" name="setLimit5Min" visibility="public" complexity="1" crap="1" count="1"/>
      <line num="42" type="stmt" count="1"/>
      <line num="48" type="method" name="getLimitHour" visibility="public" complexity="1" crap="1" count="1"/>
      <line num="50" type="stmt" count="1"/>
      <line num="57" type="method" name="setLimitHour" visibility="public" complexity="1" crap="1" count="1"/>
      <line num="59" type="stmt" count="1"/>
      <line num="65" type="method" name="getLimitDay" visibility="public" complexity="1" crap="1" count="1"/>
      <line num="67" type="stmt" count="1"/>
      <line num="74" type="method" name="setLimitDay" visibility="public" complexity="1" crap="1" count="1"/>
      <line num="76" type="stmt" count="1"/>
      <metrics loc="80" ncloc="44" classes="1" methods="6" coveredmethods="6" conditionals="0" coveredconditionals="0" statements="6" coveredstatements="6" elements="12" coveredelements="12"/>
    </file>
    <file name="/Users/jessegall/Projects/lightspeed-sdk/src/Resources/Attribute.php">
      <class name="JesseGall\LightspeedSDK\Resources\Attribute" namespace="global">
        <metrics complexity="6" methods="6" coveredmethods="6" conditionals="0" coveredconditionals="0" statements="7" coveredstatements="7" elements="13" coveredelements="13"/>
      </class>
      <line num="33" type="method" name="getTitle" visibility="public" complexity="1" crap="1" count="1"/>
      <line num="35" type="stmt" count="1"/>
      <line num="42" type="method" name="setTitle" visibility="public" complexity="1" crap="1" count="1"/>
      <line num="44" type="stmt" count="1"/>
      <line num="50" type="method" name="getDefaultValue" visibility="public" complexity="1" crap="1" count="1"/>
      <line num="52" type="stmt" count="1"/>
      <line num="59" type="method" name="setDefaultValue" visibility="public" complexity="1" crap="1" count="1"/>
      <line num="61" type="stmt" count="1"/>
      <line num="67" type="method" name="getTypes" visibility="public" complexity="1" crap="1" count="1"/>
      <line num="69" type="stmt" count="1"/>
      <line num="77" type="method" name="setTypes" visibility="public" complexity="1" crap="1" count="1"/>
      <line num="79" type="stmt" count="1"/>
      <line num="81" type="stmt" count="1"/>
      <metrics loc="85" ncloc="49" classes="1" methods="6" coveredmethods="6" conditionals="0" coveredconditionals="0" statements="7" coveredstatements="7" elements="13" coveredelements="13"/>
    </file>
    <file name="/Users/jessegall/Projects/lightspeed-sdk/src/Resources/Blog.php">
      <class name="JesseGall\LightspeedSDK\Resources\Blog" namespace="global">
        <metrics complexity="18" methods="18" coveredmethods="18" conditionals="0" coveredconditionals="0" statements="21" coveredstatements="21" elements="39" coveredelements="39"/>
      </class>
      <line num="33" type="method" name="getCreatedAt" visibility="public" complexity="1" crap="1" count="1"/>
      <line num="35" type="stmt" count="1"/>
      <line num="42" type="method" name="setCreatedAt" visibility="public" complexity="1" crap="1" count="1"/>
      <line num="44" type="stmt" count="1"/>
      <line num="50" type="method" name="getUpdatedAt" visibility="public" complexity="1" crap="1" count="1"/>
      <line num="52" type="stmt" count="1"/>
      <line num="59" type="method" name="setUpdatedAt" visibility="public" complexity="1" crap="1" count="1"/>
      <line num="61" type="stmt" count="1"/>
      <line num="67" type="method" name="getSortOrder" visibility="public" complexity="1" crap="1" count="1"/>
      <line num="69" type="stmt" count="1"/>
      <line num="76" type="method" name="setSortOrder" visibility="public" complexity="1" crap="1" count="1"/>
      <line num="78" type="stmt" count="1"/>
      <line num="84" type="method" name="getCommentable" visibility="public" complexity="1" crap="1" count="1"/>
      <line num="86" type="stmt" count="1"/>
      <line num="93" type="method" name="setCommentable" visibility="public" complexity="1" crap="1" count="1"/>
      <line num="95" type="stmt" count="1"/>
      <line num="101" type="method" name="getUrl" visibility="public" complexity="1" crap="1" count="1"/>
      <line num="103" type="stmt" count="1"/>
      <line num="110" type="method" name="setUrl" visibility="public" complexity="1" crap="1" count="1"/>
      <line num="112" type="stmt" count="1"/>
      <line num="118" type="method" name="getTitle" visibility="public" complexity="1" crap="1" count="1"/>
      <line num="120" type="stmt" count="1"/>
      <line num="127" type="method" name="setTitle" visibility="public" complexity="1" crap="1" count="1"/>
      <line num="129" type="stmt" count="1"/>
      <line num="135" type="method" name="getArticles" visibility="public" complexity="1" crap="1" count="1"/>
      <line num="137" type="stmt" count="1"/>
      <line num="145" type="method" name="setArticles" visibility="public" complexity="1" crap="1" count="1"/>
      <line num="147" type="stmt" count="1"/>
      <line num="149" type="stmt" count="1"/>
      <line num="155" type="method" name="getComments" visibility="public" complexity="1" crap="1" count="1"/>
      <line num="157" type="stmt" count="1"/>
      <line num="165" type="method" name="setComments" visibility="public" complexity="1" crap="1" count="1"/>
      <line num="167" type="stmt" count="1"/>
      <line num="169" type="stmt" count="1"/>
      <line num="175" type="method" name="getTags" visibility="public" complexity="1" crap="1" count="1"/>
      <line num="177" type="stmt" count="1"/>
      <line num="185" type="method" name="setTags" visibility="public" complexity="1" crap="1" count="1"/>
      <line num="187" type="stmt" count="1"/>
      <line num="189" type="stmt" count="1"/>
      <metrics loc="193" ncloc="115" classes="1" methods="18" coveredmethods="18" conditionals="0" coveredconditionals="0" statements="21" coveredstatements="21" elements="39" coveredelements="39"/>
    </file>
    <file name="/Users/jessegall/Projects/lightspeed-sdk/src/Resources/BlogArticle.php">
      <class name="JesseGall\LightspeedSDK\Resources\BlogArticle" namespace="global">
        <metrics complexity="29" methods="29" coveredmethods="29" conditionals="0" coveredconditionals="0" statements="32" coveredstatements="32" elements="61" coveredelements="61"/>
      </class>
      <line num="33" type="method" name="getCreatedAt" visibility="public" complexity="1" crap="1" count="1"/>
      <line num="35" type="stmt" count="1"/>
      <line num="42" type="method" name="setCreatedAt" visibility="public" complexity="1" crap="1" count="1"/>
      <line num="44" type="stmt" count="1"/>
      <line num="50" type="method" name="getUpdatedAt" visibility="public" complexity="1" crap="1" count="1"/>
      <line num="52" type="stmt" count="1"/>
      <line num="59" type="method" name="setUpdatedAt" visibility="public" complexity="1" crap="1" count="1"/>
      <line num="61" type="stmt" count="1"/>
      <line num="67" type="method" name="getPublishedAt" visibility="public" complexity="1" crap="1" count="1"/>
      <line num="69" type="stmt" count="1"/>
      <line num="76" type="method" name="setPublishedAt" visibility="public" complexity="1" crap="1" count="1"/>
      <line num="78" type="stmt" count="1"/>
      <line num="84" type="method" name="getIsPublished" visibility="public" complexity="1" crap="1" count="1"/>
      <line num="86" type="stmt" count="1"/>
      <line num="93" type="method" name="setIsPublished" visibility="public" complexity="1" crap="1" count="1"/>
      <line num="95" type="stmt" count="1"/>
      <line num="101" type="method" name="getUrl" visibility="public" complexity="1" crap="1" count="1"/>
      <line num="103" type="stmt" count="1"/>
      <line num="110" type="method" name="setUrl" visibility="public" complexity="1" crap="1" count="1"/>
      <line num="112" type="stmt" count="1"/>
      <line num="118" type="method" name="getTitle" visibility="public" complexity="1" crap="1" count="1"/>
      <line num="120" type="stmt" count="1"/>
      <line num="127" type="method" name="setTitle" visibility="public" complexity="1" crap="1" count="1"/>
      <line num="129" type="stmt" count="1"/>
      <line num="135" type="method" name="getAuthor" visibility="public" complexity="1" crap="1" count="1"/>
      <line num="137" type="stmt" count="1"/>
      <line num="144" type="method" name="setAuthor" visibility="public" complexity="1" crap="1" count="1"/>
      <line num="146" type="stmt" count="1"/>
      <line num="152" type="method" name="getSummary" visibility="public" complexity="1" crap="1" count="1"/>
      <line num="154" type="stmt" count="1"/>
      <line num="161" type="method" name="setSummary" visibility="public" complexity="1" crap="1" count="1"/>
      <line num="163" type="stmt" count="1"/>
      <line num="169" type="method" name="getContent" visibility="public" complexity="1" crap="1" count="1"/>
      <line num="171" type="stmt" count="1"/>
      <line num="178" type="method" name="setContent" visibility="public" complexity="1" crap="1" count="1"/>
      <line num="180" type="stmt" count="1"/>
      <line num="186" type="method" name="getImage" visibility="public" complexity="1" crap="1" count="1"/>
      <line num="188" type="stmt" count="1"/>
      <line num="195" type="method" name="setImage" visibility="public" complexity="1" crap="1" count="1"/>
      <line num="197" type="stmt" count="1"/>
      <line num="203" type="method" name="getLanguage" visibility="public" complexity="1" crap="1" count="1"/>
      <line num="205" type="stmt" count="1"/>
      <line num="212" type="method" name="setLanguage" visibility="public" complexity="1" crap="1" count="1"/>
      <line num="214" type="stmt" count="1"/>
      <line num="220" type="method" name="getBlog" visibility="public" complexity="1" crap="1" count="1"/>
      <line num="222" type="stmt" count="1"/>
      <line num="229" type="method" name="getBlogId" visibility="public" complexity="1" crap="1" count="1"/>
      <line num="231" type="stmt" count="1"/>
      <line num="238" type="method" name="setBlog" visibility="public" complexity="1" crap="1" count="1"/>
      <line num="240" type="stmt" count="1"/>
      <line num="242" type="stmt" count="1"/>
      <line num="248" type="method" name="getComments" visibility="public" complexity="1" crap="1" count="1"/>
      <line num="250" type="stmt" count="1"/>
      <line num="258" type="method" name="setComments" visibility="public" complexity="1" crap="1" count="1"/>
      <line num="260" type="stmt" count="1"/>
      <line num="262" type="stmt" count="1"/>
      <line num="268" type="method" name="getTags" visibility="public" complexity="1" crap="1" count="1"/>
      <line num="270" type="stmt" count="1"/>
      <line num="278" type="method" name="setTags" visibility="public" complexity="1" crap="1" count="1"/>
      <line num="280" type="stmt" count="1"/>
      <line num="282" type="stmt" count="1"/>
      <metrics loc="286" ncloc="170" classes="1" methods="29" coveredmethods="29" conditionals="0" coveredconditionals="0" statements="32" coveredstatements="32" elements="61" coveredelements="61"/>
    </file>
    <file name="/Users/jessegall/Projects/lightspeed-sdk/src/Resources/BlogArticleImage.php">
      <class name="JesseGall\LightspeedSDK\Resources\BlogArticleImage" namespace="global">
        <metrics complexity="14" methods="14" coveredmethods="14" conditionals="0" coveredconditionals="0" statements="14" coveredstatements="14" elements="28" coveredelements="28"/>
      </class>
      <line num="31" type="method" name="getCreatedAt" visibility="public" complexity="1" crap="1" count="1"/>
      <line num="33" type="stmt" count="1"/>
      <line num="40" type="method" name="setCreatedAt" visibility="public" complexity="1" crap="1" count="1"/>
      <line num="42" type="stmt" count="1"/>
      <line num="48" type="method" name="getUpdatedAt" visibility="public" complexity="1" crap="1" count="1"/>
      <line num="50" type="stmt" count="1"/>
      <line num="57" type="method" name="setUpdatedAt" visibility="public" complexity="1" crap="1" count="1"/>
      <line num="59" type="stmt" count="1"/>
      <line num="65" type="method" name="getExtension" visibility="public" complexity="1" crap="1" count="1"/>
      <line num="67" type="stmt" count="1"/>
      <line num="74" type="method" name="setExtension" visibility="public" complexity="1" crap="1" count="1"/>
      <line num="76" type="stmt" count="1"/>
      <line num="82" type="method" name="getSize" visibility="public" complexity="1" crap="1" count="1"/>
      <line num="84" type="stmt" count="1"/>
      <line num="91" type="method" name="setSize" visibility="public" complexity="1" crap="1" count="1"/>
      <line num="93" type="stmt" count="1"/>
      <line num="99" type="method" name="getTitle" visibility="public" complexity="1" crap="1" count="1"/>
      <line num="101" type="stmt" count="1"/>
      <line num="108" type="method" name="setTitle" visibility="public" complexity="1" crap="1" count="1"/>
      <line num="110" type="stmt" count="1"/>
      <line num="116" type="method" name="getThumb" visibility="public" complexity="1" crap="1" count="1"/>
      <line num="118" type="stmt" count="1"/>
      <line num="125" type="method" name="setThumb" visibility="public" complexity="1" crap="1" count="1"/>
      <line num="127" type="stmt" count="1"/>
      <line num="133" type="method" name="getSrc" visibility="public" complexity="1" crap="1" count="1"/>
      <line num="135" type="stmt" count="1"/>
      <line num="142" type="method" name="setSrc" visibility="public" complexity="1" crap="1" count="1"/>
      <line num="144" type="stmt" count="1"/>
      <metrics loc="148" ncloc="84" classes="1" methods="14" coveredmethods="14" conditionals="0" coveredconditionals="0" statements="14" coveredstatements="14" elements="28" coveredelements="28"/>
    </file>
    <file name="/Users/jessegall/Projects/lightspeed-sdk/src/Resources/BlogArticleTag.php">
      <class name="JesseGall\LightspeedSDK\Resources\BlogArticleTag" namespace="global">
        <metrics complexity="9" methods="9" coveredmethods="9" conditionals="0" coveredconditionals="0" statements="12" coveredstatements="12" elements="21" coveredelements="21"/>
      </class>
      <line num="31" type="method" name="getBlog" visibility="public" complexity="1" crap="1" count="1"/>
      <line num="33" type="stmt" count="1"/>
      <line num="40" type="method" name="getBlogId" visibility="public" complexity="1" crap="1" count="1"/>
      <line num="42" type="stmt" count="1"/>
      <line num="49" type="method" name="setBlog" visibility="public" complexity="1" crap="1" count="1"/>
      <line num="51" type="stmt" count="1"/>
      <line num="53" type="stmt" count="1"/>
      <line num="59" type="method" name="getArticle" visibility="public" complexity="1" crap="1" count="1"/>
      <line num="61" type="stmt" count="1"/>
      <line num="68" type="method" name="getArticleId" visibility="public" complexity="1" crap="1" count="1"/>
      <line num="70" type="stmt" count="1"/>
      <line num="77" type="method" name="setArticle" visibility="public" complexity="1" crap="1" count="1"/>
      <line num="79" type="stmt" count="1"/>
      <line num="81" type="stmt" count="1"/>
      <line num="87" type="method" name="getTag" visibility="public" complexity="1" crap="1" count="1"/>
      <line num="89" type="stmt" count="1"/>
      <line num="96" type="method" name="getTagId" visibility="public" complexity="1" crap="1" count="1"/>
      <line num="98" type="stmt" count="1"/>
      <line num="105" type="method" name="setTag" visibility="public" complexity="1" crap="1" count="1"/>
      <line num="107" type="stmt" count="1"/>
      <line num="109" type="stmt" count="1"/>
      <metrics loc="113" ncloc="68" classes="1" methods="9" coveredmethods="9" conditionals="0" coveredconditionals="0" statements="12" coveredstatements="12" elements="21" coveredelements="21"/>
    </file>
    <file name="/Users/jessegall/Projects/lightspeed-sdk/src/Resources/BlogComment.php">
      <class name="JesseGall\LightspeedSDK\Resources\BlogComment" namespace="global">
        <metrics complexity="24" methods="24" coveredmethods="24" conditionals="0" coveredconditionals="0" statements="26" coveredstatements="26" elements="50" coveredelements="50"/>
      </class>
      <line num="31" type="method" name="getCreatedAt" visibility="public" complexity="1" crap="1" count="1"/>
      <line num="33" type="stmt" count="1"/>
      <line num="40" type="method" name="setCreatedAt" visibility="public" complexity="1" crap="1" count="1"/>
      <line num="42" type="stmt" count="1"/>
      <line num="48" type="method" name="getUpdatedAt" visibility="public" complexity="1" crap="1" count="1"/>
      <line num="50" type="stmt" count="1"/>
      <line num="57" type="method" name="setUpdatedAt" visibility="public" complexity="1" crap="1" count="1"/>
      <line num="59" type="stmt" count="1"/>
      <line num="65" type="method" name="getIsApproved" visibility="public" complexity="1" crap="1" count="1"/>
      <line num="67" type="stmt" count="1"/>
      <line num="74" type="method" name="setIsApproved" visibility="public" complexity="1" crap="1" count="1"/>
      <line num="76" type="stmt" count="1"/>
      <line num="82" type="method" name="getFrom" visibility="public" complexity="1" crap="1" count="1"/>
      <line num="84" type="stmt" count="1"/>
      <line num="91" type="method" name="setFrom" visibility="public" complexity="1" crap="1" count="1"/>
      <line num="93" type="stmt" count="1"/>
      <line num="99" type="method" name="getName" visibility="public" complexity="1" crap="1" count="1"/>
      <line num="101" type="stmt" count="1"/>
      <line num="108" type="method" name="setName" visibility="public" complexity="1" crap="1" count="1"/>
      <line num="110" type="stmt" count="1"/>
      <line num="116" type="method" name="getEmail" visibility="public" complexity="1" crap="1" count="1"/>
      <line num="118" type="stmt" count="1"/>
      <line num="125" type="method" name="setEmail" visibility="public" complexity="1" crap="1" count="1"/>
      <line num="127" type="stmt" count="1"/>
      <line num="133" type="method" name="getContent" visibility="public" complexity="1" crap="1" count="1"/>
      <line num="135" type="stmt" count="1"/>
      <line num="142" type="method" name="setContent" visibility="public" complexity="1" crap="1" count="1"/>
      <line num="144" type="stmt" count="1"/>
      <line num="150" type="method" name="getLanguage" visibility="public" complexity="1" crap="1" count="1"/>
      <line num="152" type="stmt" count="1"/>
      <line num="159" type="method" name="setLanguage" visibility="public" complexity="1" crap="1" count="1"/>
      <line num="161" type="stmt" count="1"/>
      <line num="167" type="method" name="getBlog" visibility="public" complexity="1" crap="1" count="1"/>
      <line num="169" type="stmt" count="1"/>
      <line num="176" type="method" name="getBlogId" visibility="public" complexity="1" crap="1" count="1"/>
      <line num="178" type="stmt" count="1"/>
      <line num="185" type="method" name="setBlog" visibility="public" complexity="1" crap="1" count="1"/>
      <line num="187" type="stmt" count="1"/>
      <line num="189" type="stmt" count="1"/>
      <line num="195" type="method" name="getArticle" visibility="public" complexity="1" crap="1" count="1"/>
      <line num="197" type="stmt" count="1"/>
      <line num="204" type="method" name="getArticleId" visibility="public" complexity="1" crap="1" count="1"/>
      <line num="206" type="stmt" count="1"/>
      <line num="213" type="method" name="setArticle" visibility="public" complexity="1" crap="1" count="1"/>
      <line num="215" type="stmt" count="1"/>
      <line num="217" type="stmt" count="1"/>
      <line num="223" type="method" name="getCustomer" visibility="public" complexity="1" crap="1" count="1"/>
      <line num="225" type="stmt" count="1"/>
      <line num="232" type="method" name="setCustomer" visibility="public" complexity="1" crap="1" count="1"/>
      <line num="234" type="stmt" count="1"/>
      <metrics loc="238" ncloc="140" classes="1" methods="24" coveredmethods="24" conditionals="0" coveredconditionals="0" statements="26" coveredstatements="26" elements="50" coveredelements="50"/>
    </file>
    <file name="/Users/jessegall/Projects/lightspeed-sdk/src/Resources/BlogTag.php">
      <class name="JesseGall\LightspeedSDK\Resources\BlogTag" namespace="global">
        <metrics complexity="13" methods="13" coveredmethods="13" conditionals="0" coveredconditionals="0" statements="15" coveredstatements="15" elements="28" coveredelements="28"/>
      </class>
      <line num="33" type="method" name="getCreatedAt" visibility="public" complexity="1" crap="1" count="1"/>
      <line num="35" type="stmt" count="1"/>
      <line num="42" type="method" name="setCreatedAt" visibility="public" complexity="1" crap="1" count="1"/>
      <line num="44" type="stmt" count="1"/>
      <line num="50" type="method" name="getUpdatedAt" visibility="public" complexity="1" crap="1" count="1"/>
      <line num="52" type="stmt" count="1"/>
      <line num="59" type="method" name="setUpdatedAt" visibility="public" complexity="1" crap="1" count="1"/>
      <line num="61" type="stmt" count="1"/>
      <line num="67" type="method" name="getUrl" visibility="public" complexity="1" crap="1" count="1"/>
      <line num="69" type="stmt" count="1"/>
      <line num="76" type="method" name="setUrl" visibility="public" complexity="1" crap="1" count="1"/>
      <line num="78" type="stmt" count="1"/>
      <line num="84" type="method" name="getTitle" visibility="public" complexity="1" crap="1" count="1"/>
      <line num="86" type="stmt" count="1"/>
      <line num="93" type="method" name="setTitle" visibility="public" complexity="1" crap="1" count="1"/>
      <line num="95" type="stmt" count="1"/>
      <line num="101" type="method" name="getBlog" visibility="public" complexity="1" crap="1" count="1"/>
      <line num="103" type="stmt" count="1"/>
      <line num="110" type="method" name="getBlogId" visibility="public" complexity="1" crap="1" count="1"/>
      <line num="112" type="stmt" count="1"/>
      <line num="119" type="method" name="setBlog" visibility="public" complexity="1" crap="1" count="1"/>
      <line num="121" type="stmt" count="1"/>
      <line num="123" type="stmt" count="1"/>
      <line num="129" type="method" name="getArticles" visibility="public" complexity="1" crap="1" count="1"/>
      <line num="131" type="stmt" count="1"/>
      <line num="139" type="method" name="setArticles" visibility="public" complexity="1" crap="1" count="1"/>
      <line num="141" type="stmt" count="1"/>
      <line num="143" type="stmt" count="1"/>
      <metrics loc="147" ncloc="87" classes="1" methods="13" coveredmethods="13" conditionals="0" coveredconditionals="0" statements="15" coveredstatements="15" elements="28" coveredelements="28"/>
    </file>
    <file name="/Users/jessegall/Projects/lightspeed-sdk/src/Resources/Brand.php">
      <class name="JesseGall\LightspeedSDK\Resources\Brand" namespace="global">
        <metrics complexity="16" methods="16" coveredmethods="16" conditionals="0" coveredconditionals="0" statements="17" coveredstatements="17" elements="33" coveredelements="33"/>
      </class>
      <line num="33" type="method" name="getCreatedAt" visibility="public" complexity="1" crap="1" count="1"/>
      <line num="35" type="stmt" count="1"/>
      <line num="42" type="method" name="setCreatedAt" visibility="public" complexity="1" crap="1" count="1"/>
      <line num="44" type="stmt" count="1"/>
      <line num="50" type="method" name="getUpdatedAt" visibility="public" complexity="1" crap="1" count="1"/>
      <line num="52" type="stmt" count="1"/>
      <line num="59" type="method" name="setUpdatedAt" visibility="public" complexity="1" crap="1" count="1"/>
      <line num="61" type="stmt" count="1"/>
      <line num="67" type="method" name="getUrl" visibility="public" complexity="1" crap="1" count="1"/>
      <line num="69" type="stmt" count="1"/>
      <line num="76" type="method" name="setUrl" visibility="public" complexity="1" crap="1" count="1"/>
      <line num="78" type="stmt" count="1"/>
      <line num="84" type="method" name="getTitle" visibility="public" complexity="1" crap="1" count="1"/>
      <line num="86" type="stmt" count="1"/>
      <line num="93" type="method" name="setTitle" visibility="public" complexity="1" crap="1" count="1"/>
      <line num="95" type="stmt" count="1"/>
      <line num="101" type="method" name="getContent" visibility="public" complexity="1" crap="1" count="1"/>
      <line num="103" type="stmt" count="1"/>
      <line num="110" type="method" name="setContent" visibility="public" complexity="1" crap="1" count="1"/>
      <line num="112" type="stmt" count="1"/>
      <line num="118" type="method" name="getImage" visibility="public" complexity="1" crap="1" count="1"/>
      <line num="120" type="stmt" count="1"/>
      <line num="127" type="method" name="setImage" visibility="public" complexity="1" crap="1" count="1"/>
      <line num="129" type="stmt" count="1"/>
      <line num="135" type="method" name="getProducts" visibility="public" complexity="1" crap="1" count="1"/>
      <line num="137" type="stmt" count="1"/>
      <line num="145" type="method" name="setProducts" visibility="public" complexity="1" crap="1" count="1"/>
      <line num="147" type="stmt" count="1"/>
      <line num="149" type="stmt" count="1"/>
      <line num="155" type="method" name="getIsVisible" visibility="public" complexity="1" crap="1" count="1"/>
      <line num="157" type="stmt" count="1"/>
      <line num="164" type="method" name="setIsVisible" visibility="public" complexity="1" crap="1" count="1"/>
      <line num="166" type="stmt" count="1"/>
      <metrics loc="170" ncloc="99" classes="1" methods="16" coveredmethods="16" conditionals="0" coveredconditionals="0" statements="17" coveredstatements="17" elements="33" coveredelements="33"/>
    </file>
    <file name="/Users/jessegall/Projects/lightspeed-sdk/src/Resources/BrandImage.php">
      <class name="JesseGall\LightspeedSDK\Resources\BrandImage" namespace="global">
        <metrics complexity="14" methods="14" coveredmethods="14" conditionals="0" coveredconditionals="0" statements="14" coveredstatements="14" elements="28" coveredelements="28"/>
      </class>
      <line num="31" type="method" name="getCreatedAt" visibility="public" complexity="1" crap="1" count="1"/>
      <line num="33" type="stmt" count="1"/>
      <line num="40" type="method" name="setCreatedAt" visibility="public" complexity="1" crap="1" count="1"/>
      <line num="42" type="stmt" count="1"/>
      <line num="48" type="method" name="getUpdatedAt" visibility="public" complexity="1" crap="1" count="1"/>
      <line num="50" type="stmt" count="1"/>
      <line num="57" type="method" name="setUpdatedAt" visibility="public" complexity="1" crap="1" count="1"/>
      <line num="59" type="stmt" count="1"/>
      <line num="65" type="method" name="getExtension" visibility="public" complexity="1" crap="1" count="1"/>
      <line num="67" type="stmt" count="1"/>
      <line num="74" type="method" name="setExtension" visibility="public" complexity="1" crap="1" count="1"/>
      <line num="76" type="stmt" count="1"/>
      <line num="82" type="method" name="getSize" visibility="public" complexity="1" crap="1" count="1"/>
      <line num="84" type="stmt" count="1"/>
      <line num="91" type="method" name="setSize" visibility="public" complexity="1" crap="1" count="1"/>
      <line num="93" type="stmt" count="1"/>
      <line num="99" type="method" name="getTitle" visibility="public" complexity="1" crap="1" count="1"/>
      <line num="101" type="stmt" count="1"/>
      <line num="108" type="method" name="setTitle" visibility="public" complexity="1" crap="1" count="1"/>
      <line num="110" type="stmt" count="1"/>
      <line num="116" type="method" name="getThumb" visibility="public" complexity="1" crap="1" count="1"/>
      <line num="118" type="stmt" count="1"/>
      <line num="125" type="method" name="setThumb" visibility="public" complexity="1" crap="1" count="1"/>
      <line num="127" type="stmt" count="1"/>
      <line num="133" type="method" name="getSrc" visibility="public" complexity="1" crap="1" count="1"/>
      <line num="135" type="stmt" count="1"/>
      <line num="142" type="method" name="setSrc" visibility="public" complexity="1" crap="1" count="1"/>
      <line num="144" type="stmt" count="1"/>
      <metrics loc="148" ncloc="84" classes="1" methods="14" coveredmethods="14" conditionals="0" coveredconditionals="0" statements="14" coveredstatements="14" elements="28" coveredelements="28"/>
    </file>
    <file name="/Users/jessegall/Projects/lightspeed-sdk/src/Resources/CategoriesProduct.php">
      <class name="JesseGall\LightspeedSDK\Resources\CategoriesProduct" namespace="global">
        <metrics complexity="8" methods="8" coveredmethods="8" conditionals="0" coveredconditionals="0" statements="10" coveredstatements="10" elements="18" coveredelements="18"/>
      </class>
      <line num="31" type="method" name="getSortOrder" visibility="public" complexity="1" crap="1" count="1"/>
      <line num="33" type="stmt" count="1"/>
      <line num="40" type="method" name="setSortOrder" visibility="public" complexity="1" crap="1" count="1"/>
      <line num="42" type="stmt" count="1"/>
      <line num="48" type="method" name="getCategory" visibility="public" complexity="1" crap="1" count="1"/>
      <line num="50" type="stmt" count="1"/>
      <line num="57" type="method" name="getCategoryId" visibility="public" complexity="1" crap="1" count="1"/>
      <line num="59" type="stmt" count="1"/>
      <line num="66" type="method" name="setCategory" visibility="public" complexity="1" crap="1" count="1"/>
      <line num="68" type="stmt" count="1"/>
      <line num="70" type="stmt" count="1"/>
      <line num="76" type="method" name="getProduct" visibility="public" complexity="1" crap="1" count="1"/>
      <line num="78" type="stmt" count="1"/>
      <line num="85" type="method" name="getProductId" visibility="public" complexity="1" crap="1" count="1"/>
      <line num="87" type="stmt" count="1"/>
      <line num="94" type="method" name="setProduct" visibility="public" complexity="1" crap="1" count="1"/>
      <line num="96" type="stmt" count="1"/>
      <line num="98" type="stmt" count="1"/>
      <metrics loc="102" ncloc="60" classes="1" methods="8" coveredmethods="8" conditionals="0" coveredconditionals="0" statements="10" coveredstatements="10" elements="18" coveredelements="18"/>
    </file>
    <file name="/Users/jessegall/Projects/lightspeed-sdk/src/Resources/Category.php">
      <class name="JesseGall\LightspeedSDK\Resources\Category" namespace="global">
        <metrics complexity="35" methods="35" coveredmethods="35" conditionals="0" coveredconditionals="0" statements="38" coveredstatements="38" elements="73" coveredelements="73"/>
      </class>
      <line num="33" type="method" name="getCreatedAt" visibility="public" complexity="1" crap="1" count="1"/>
      <line num="35" type="stmt" count="1"/>
      <line num="42" type="method" name="setCreatedAt" visibility="public" complexity="1" crap="1" count="1"/>
      <line num="44" type="stmt" count="1"/>
      <line num="50" type="method" name="getUpdatedAt" visibility="public" complexity="1" crap="1" count="1"/>
      <line num="52" type="stmt" count="1"/>
      <line num="59" type="method" name="setUpdatedAt" visibility="public" complexity="1" crap="1" count="1"/>
      <line num="61" type="stmt" count="1"/>
      <line num="67" type="method" name="getIsVisible" visibility="public" complexity="1" crap="1" count="1"/>
      <line num="69" type="stmt" count="1"/>
      <line num="76" type="method" name="setIsVisible" visibility="public" complexity="1" crap="1" count="1"/>
      <line num="78" type="stmt" count="1"/>
      <line num="84" type="method" name="getDepth" visibility="public" complexity="1" crap="1" count="1"/>
      <line num="86" type="stmt" count="1"/>
      <line num="93" type="method" name="setDepth" visibility="public" complexity="1" crap="1" count="1"/>
      <line num="95" type="stmt" count="1"/>
      <line num="101" type="method" name="getPath" visibility="public" complexity="1" crap="1" count="1"/>
      <line num="103" type="stmt" count="1"/>
      <line num="110" type="method" name="setPath" visibility="public" complexity="1" crap="1" count="1"/>
      <line num="112" type="stmt" count="1"/>
      <line num="118" type="method" name="getType" visibility="public" complexity="1" crap="1" count="1"/>
      <line num="120" type="stmt" count="1"/>
      <line num="127" type="method" name="setType" visibility="public" complexity="1" crap="1" count="1"/>
      <line num="129" type="stmt" count="1"/>
      <line num="135" type="method" name="getSortOrder" visibility="public" complexity="1" crap="1" count="1"/>
      <line num="137" type="stmt" count="1"/>
      <line num="144" type="method" name="setSortOrder" visibility="public" complexity="1" crap="1" count="1"/>
      <line num="146" type="stmt" count="1"/>
      <line num="152" type="method" name="getSorting" visibility="public" complexity="1" crap="1" count="1"/>
      <line num="154" type="stmt" count="1"/>
      <line num="161" type="method" name="setSorting" visibility="public" complexity="1" crap="1" count="1"/>
      <line num="163" type="stmt" count="1"/>
      <line num="169" type="method" name="getUrl" visibility="public" complexity="1" crap="1" count="1"/>
      <line num="171" type="stmt" count="1"/>
      <line num="178" type="method" name="setUrl" visibility="public" complexity="1" crap="1" count="1"/>
      <line num="180" type="stmt" count="1"/>
      <line num="186" type="method" name="getTitle" visibility="public" complexity="1" crap="1" count="1"/>
      <line num="188" type="stmt" count="1"/>
      <line num="195" type="method" name="setTitle" visibility="public" complexity="1" crap="1" count="1"/>
      <line num="197" type="stmt" count="1"/>
      <line num="203" type="method" name="getFulltitle" visibility="public" complexity="1" crap="1" count="1"/>
      <line num="205" type="stmt" count="1"/>
      <line num="212" type="method" name="setFulltitle" visibility="public" complexity="1" crap="1" count="1"/>
      <line num="214" type="stmt" count="1"/>
      <line num="220" type="method" name="getDescription" visibility="public" complexity="1" crap="1" count="1"/>
      <line num="222" type="stmt" count="1"/>
      <line num="229" type="method" name="setDescription" visibility="public" complexity="1" crap="1" count="1"/>
      <line num="231" type="stmt" count="1"/>
      <line num="237" type="method" name="getContent" visibility="public" complexity="1" crap="1" count="1"/>
      <line num="239" type="stmt" count="1"/>
      <line num="246" type="method" name="setContent" visibility="public" complexity="1" crap="1" count="1"/>
      <line num="248" type="stmt" count="1"/>
      <line num="254" type="method" name="getImage" visibility="public" complexity="1" crap="1" count="1"/>
      <line num="256" type="stmt" count="1"/>
      <line num="263" type="method" name="setImage" visibility="public" complexity="1" crap="1" count="1"/>
      <line num="265" type="stmt" count="1"/>
      <line num="271" type="method" name="getParent" visibility="public" complexity="1" crap="1" count="1"/>
      <line num="273" type="stmt" count="1"/>
      <line num="280" type="method" name="getParentId" visibility="public" complexity="1" crap="1" count="1"/>
      <line num="282" type="stmt" count="1"/>
      <line num="289" type="method" name="setParent" visibility="public" complexity="1" crap="1" count="1"/>
      <line num="291" type="stmt" count="1"/>
      <line num="293" type="stmt" count="1"/>
      <line num="299" type="method" name="getChildren" visibility="public" complexity="1" crap="1" count="1"/>
      <line num="301" type="stmt" count="1"/>
      <line num="309" type="method" name="setChildren" visibility="public" complexity="1" crap="1" count="1"/>
      <line num="311" type="stmt" count="1"/>
      <line num="313" type="stmt" count="1"/>
      <line num="319" type="method" name="getProducts" visibility="public" complexity="1" crap="1" count="1"/>
      <line num="321" type="stmt" count="1"/>
      <line num="329" type="method" name="setProducts" visibility="public" complexity="1" crap="1" count="1"/>
      <line num="331" type="stmt" count="1"/>
      <line num="333" type="stmt" count="1"/>
      <metrics loc="337" ncloc="200" classes="1" methods="35" coveredmethods="35" conditionals="0" coveredconditionals="0" statements="38" coveredstatements="38" elements="73" coveredelements="73"/>
    </file>
    <file name="/Users/jessegall/Projects/lightspeed-sdk/src/Resources/CategoryImage.php">
      <class name="JesseGall\LightspeedSDK\Resources\CategoryImage" namespace="global">
        <metrics complexity="14" methods="14" coveredmethods="14" conditionals="0" coveredconditionals="0" statements="14" coveredstatements="14" elements="28" coveredelements="28"/>
      </class>
      <line num="31" type="method" name="getCreatedAt" visibility="public" complexity="1" crap="1" count="1"/>
      <line num="33" type="stmt" count="1"/>
      <line num="40" type="method" name="setCreatedAt" visibility="public" complexity="1" crap="1" count="1"/>
      <line num="42" type="stmt" count="1"/>
      <line num="48" type="method" name="getUpdatedAt" visibility="public" complexity="1" crap="1" count="1"/>
      <line num="50" type="stmt" count="1"/>
      <line num="57" type="method" name="setUpdatedAt" visibility="public" complexity="1" crap="1" count="1"/>
      <line num="59" type="stmt" count="1"/>
      <line num="65" type="method" name="getExtension" visibility="public" complexity="1" crap="1" count="1"/>
      <line num="67" type="stmt" count="1"/>
      <line num="74" type="method" name="setExtension" visibility="public" complexity="1" crap="1" count="1"/>
      <line num="76" type="stmt" count="1"/>
      <line num="82" type="method" name="getSize" visibility="public" complexity="1" crap="1" count="1"/>
      <line num="84" type="stmt" count="1"/>
      <line num="91" type="method" name="setSize" visibility="public" complexity="1" crap="1" count="1"/>
      <line num="93" type="stmt" count="1"/>
      <line num="99" type="method" name="getTitle" visibility="public" complexity="1" crap="1" count="1"/>
      <line num="101" type="stmt" count="1"/>
      <line num="108" type="method" name="setTitle" visibility="public" complexity="1" crap="1" count="1"/>
      <line num="110" type="stmt" count="1"/>
      <line num="116" type="method" name="getThumb" visibility="public" complexity="1" crap="1" count="1"/>
      <line num="118" type="stmt" count="1"/>
      <line num="125" type="method" name="setThumb" visibility="public" complexity="1" crap="1" count="1"/>
      <line num="127" type="stmt" count="1"/>
      <line num="133" type="method" name="getSrc" visibility="public" complexity="1" crap="1" count="1"/>
      <line num="135" type="stmt" count="1"/>
      <line num="142" type="method" name="setSrc" visibility="public" complexity="1" crap="1" count="1"/>
      <line num="144" type="stmt" count="1"/>
      <metrics loc="148" ncloc="84" classes="1" methods="14" coveredmethods="14" conditionals="0" coveredconditionals="0" statements="14" coveredstatements="14" elements="28" coveredelements="28"/>
    </file>
    <file name="/Users/jessegall/Projects/lightspeed-sdk/src/Resources/Concerns/LightspeedAttributeResource.php">
      <class name="JesseGall\LightspeedSDK\Resources\Concerns\LightspeedAttributeResource" namespace="global">
        <metrics complexity="3" methods="3" coveredmethods="3" conditionals="0" coveredconditionals="0" statements="3" coveredstatements="3" elements="6" coveredelements="6"/>
      </class>
      <line num="13" type="method" name="getAttributeId" visibility="public" complexity="1" crap="1" count="1"/>
      <line num="15" type="stmt" count="1"/>
      <line num="22" type="method" name="getAttribute" visibility="public" complexity="1" crap="1" count="2"/>
      <line num="24" type="stmt" count="2"/>
      <line num="31" type="method" name="setAttribute" visibility="public" complexity="1" crap="1" count="2"/>
      <line num="33" type="stmt" count="2"/>
      <metrics loc="36" ncloc="26" classes="1" methods="3" coveredmethods="3" conditionals="0" coveredconditionals="0" statements="3" coveredstatements="3" elements="6" coveredelements="6"/>
    </file>
    <file name="/Users/jessegall/Projects/lightspeed-sdk/src/Resources/Concerns/LightspeedResource.php">
      <class name="JesseGall\LightspeedSDK\Resources\Concerns\LightspeedResource" namespace="global">
        <metrics complexity="14" methods="8" coveredmethods="7" conditionals="0" coveredconditionals="0" statements="37" coveredstatements="36" elements="45" coveredelements="43"/>
      </class>
      <line num="27" type="method" name="count" visibility="public" complexity="1" crap="1" count="1"/>
      <line num="29" type="stmt" count="1"/>
      <line num="38" type="method" name="all" visibility="public" complexity="2" crap="2.06" count="1"/>
      <line num="40" type="stmt" count="1"/>
      <line num="42" type="stmt" count="1"/>
      <line num="43" type="stmt" count="0"/>
      <line num="46" type="stmt" count="1"/>
      <line num="55" type="method" name="find" visibility="public" complexity="2" crap="2" count="2"/>
      <line num="58" type="stmt" count="2"/>
      <line num="60" type="stmt" count="2"/>
      <line num="62" type="stmt" count="2"/>
      <line num="64" type="stmt" count="1"/>
      <line num="65" type="stmt" count="1"/>
      <line num="66" type="stmt" count="1"/>
      <line num="76" type="method" name="create" visibility="public" complexity="1" crap="1" count="1"/>
      <line num="78" type="stmt" count="1"/>
      <line num="80" type="stmt" count="1"/>
      <line num="81" type="stmt" count="1"/>
      <line num="82" type="stmt" count="1"/>
      <line num="84" type="stmt" count="1"/>
      <line num="86" type="stmt" count="1"/>
      <line num="95" type="method" name="hydrate" visibility="public" complexity="2" crap="2" count="5"/>
      <line num="97" type="stmt" count="5"/>
      <line num="98" type="stmt" count="1"/>
      <line num="101" type="stmt" count="4"/>
      <line num="103" type="stmt" count="3"/>
      <line num="105" type="stmt" count="3"/>
      <line num="114" type="method" name="sync" visibility="public" complexity="2" crap="2" count="2"/>
      <line num="116" type="stmt" count="2"/>
      <line num="117" type="stmt" count="1"/>
      <line num="120" type="stmt" count="1"/>
      <line num="121" type="stmt" count="1"/>
      <line num="122" type="stmt" count="1"/>
      <line num="124" type="stmt" count="1"/>
      <line num="126" type="stmt" count="1"/>
      <line num="135" type="method" name="delete" visibility="public" complexity="3" crap="3" count="3"/>
      <line num="137" type="stmt" count="3"/>
      <line num="138" type="stmt" count="1"/>
      <line num="141" type="stmt" count="2"/>
      <line num="143" type="stmt" count="2"/>
      <line num="145" type="stmt" count="2"/>
      <line num="146" type="stmt" count="2"/>
      <line num="149" type="stmt" count="2"/>
      <line num="157" type="method" name="exists" visibility="public" complexity="1" crap="1" count="2"/>
      <line num="159" type="stmt" count="2"/>
      <metrics loc="162" ncloc="109" classes="1" methods="8" coveredmethods="7" conditionals="0" coveredconditionals="0" statements="37" coveredstatements="36" elements="45" coveredelements="43"/>
    </file>
    <file name="/Users/jessegall/Projects/lightspeed-sdk/src/Resources/Contact.php">
      <class name="JesseGall\LightspeedSDK\Resources\Contact" namespace="global">
        <metrics complexity="16" methods="16" coveredmethods="16" conditionals="0" coveredconditionals="0" statements="16" coveredstatements="16" elements="32" coveredelements="32"/>
      </class>
      <line num="31" type="method" name="getCreatedAt" visibility="public" complexity="1" crap="1" count="1"/>
      <line num="33" type="stmt" count="1"/>
      <line num="40" type="method" name="setCreatedAt" visibility="public" complexity="1" crap="1" count="1"/>
      <line num="42" type="stmt" count="1"/>
      <line num="48" type="method" name="getName" visibility="public" complexity="1" crap="1" count="1"/>
      <line num="50" type="stmt" count="1"/>
      <line num="57" type="method" name="setName" visibility="public" complexity="1" crap="1" count="1"/>
      <line num="59" type="stmt" count="1"/>
      <line num="65" type="method" name="getCompany" visibility="public" complexity="1" crap="1" count="1"/>
      <line num="67" type="stmt" count="1"/>
      <line num="74" type="method" name="setCompany" visibility="public" complexity="1" crap="1" count="1"/>
      <line num="76" type="stmt" count="1"/>
      <line num="82" type="method" name="getEmail" visibility="public" complexity="1" crap="1" count="1"/>
      <line num="84" type="stmt" count="1"/>
      <line num="91" type="method" name="setEmail" visibility="public" complexity="1" crap="1" count="1"/>
      <line num="93" type="stmt" count="1"/>
      <line num="99" type="method" name="getPhone" visibility="public" complexity="1" crap="1" count="1"/>
      <line num="101" type="stmt" count="1"/>
      <line num="108" type="method" name="setPhone" visibility="public" complexity="1" crap="1" count="1"/>
      <line num="110" type="stmt" count="1"/>
      <line num="116" type="method" name="getSubject" visibility="public" complexity="1" crap="1" count="1"/>
      <line num="118" type="stmt" count="1"/>
      <line num="125" type="method" name="setSubject" visibility="public" complexity="1" crap="1" count="1"/>
      <line num="127" type="stmt" count="1"/>
      <line num="133" type="method" name="getMessage" visibility="public" complexity="1" crap="1" count="1"/>
      <line num="135" type="stmt" count="1"/>
      <line num="142" type="method" name="setMessage" visibility="public" complexity="1" crap="1" count="1"/>
      <line num="144" type="stmt" count="1"/>
      <line num="150" type="method" name="getLanguage" visibility="public" complexity="1" crap="1" count="1"/>
      <line num="152" type="stmt" count="1"/>
      <line num="159" type="method" name="setLanguage" visibility="public" complexity="1" crap="1" count="1"/>
      <line num="161" type="stmt" count="1"/>
      <metrics loc="165" ncloc="94" classes="1" methods="16" coveredmethods="16" conditionals="0" coveredconditionals="0" statements="16" coveredstatements="16" elements="32" coveredelements="32"/>
    </file>
    <file name="/Users/jessegall/Projects/lightspeed-sdk/src/Resources/CustomStatus.php">
      <class name="JesseGall\LightspeedSDK\Resources\CustomStatus" namespace="global">
        <metrics complexity="8" methods="8" coveredmethods="8" conditionals="0" coveredconditionals="0" statements="8" coveredstatements="8" elements="16" coveredelements="16"/>
      </class>
      <line num="31" type="method" name="getCreatedAt" visibility="public" complexity="1" crap="1" count="1"/>
      <line num="33" type="stmt" count="1"/>
      <line num="40" type="method" name="setCreatedAt" visibility="public" complexity="1" crap="1" count="1"/>
      <line num="42" type="stmt" count="1"/>
      <line num="48" type="method" name="getUpdatedAt" visibility="public" complexity="1" crap="1" count="1"/>
      <line num="50" type="stmt" count="1"/>
      <line num="57" type="method" name="setUpdatedAt" visibility="public" complexity="1" crap="1" count="1"/>
      <line num="59" type="stmt" count="1"/>
      <line num="65" type="method" name="getTitle" visibility="public" complexity="1" crap="1" count="1"/>
      <line num="67" type="stmt" count="1"/>
      <line num="74" type="method" name="setTitle" visibility="public" complexity="1" crap="1" count="1"/>
      <line num="76" type="stmt" count="1"/>
      <line num="82" type="method" name="getColor" visibility="public" complexity="1" crap="1" count="1"/>
      <line num="84" type="stmt" count="1"/>
      <line num="91" type="method" name="setColor" visibility="public" complexity="1" crap="1" count="1"/>
      <line num="93" type="stmt" count="1"/>
      <metrics loc="97" ncloc="54" classes="1" methods="8" coveredmethods="8" conditionals="0" coveredconditionals="0" statements="8" coveredstatements="8" elements="16" coveredelements="16"/>
    </file>
    <file name="/Users/jessegall/Projects/lightspeed-sdk/src/Resources/Customer.php">
      <class name="JesseGall\LightspeedSDK\Resources\Customer" namespace="global">
        <metrics complexity="106" methods="106" coveredmethods="106" conditionals="0" coveredconditionals="0" statements="114" coveredstatements="114" elements="220" coveredelements="220"/>
      </class>
      <line num="33" type="method" name="getCreatedAt" visibility="public" complexity="1" crap="1" count="1"/>
      <line num="35" type="stmt" count="1"/>
      <line num="42" type="method" name="setCreatedAt" visibility="public" complexity="1" crap="1" count="1"/>
      <line num="44" type="stmt" count="1"/>
      <line num="50" type="method" name="getUpdatedAt" visibility="public" complexity="1" crap="1" count="1"/>
      <line num="52" type="stmt" count="1"/>
      <line num="59" type="method" name="setUpdatedAt" visibility="public" complexity="1" crap="1" count="1"/>
      <line num="61" type="stmt" count="1"/>
      <line num="67" type="method" name="getIsConfirmed" visibility="public" complexity="1" crap="1" count="1"/>
      <line num="69" type="stmt" count="1"/>
      <line num="76" type="method" name="setIsConfirmed" visibility="public" complexity="1" crap="1" count="1"/>
      <line num="78" type="stmt" count="1"/>
      <line num="84" type="method" name="getType" visibility="public" complexity="1" crap="1" count="1"/>
      <line num="86" type="stmt" count="1"/>
      <line num="93" type="method" name="setType" visibility="public" complexity="1" crap="1" count="1"/>
      <line num="95" type="stmt" count="1"/>
      <line num="101" type="method" name="getLastOnlineAt" visibility="public" complexity="1" crap="1" count="1"/>
      <line num="103" type="stmt" count="1"/>
      <line num="110" type="method" name="setLastOnlineAt" visibility="public" complexity="1" crap="1" count="1"/>
      <line num="112" type="stmt" count="1"/>
      <line num="118" type="method" name="getRemoteIp" visibility="public" complexity="1" crap="1" count="1"/>
      <line num="120" type="stmt" count="1"/>
      <line num="127" type="method" name="setRemoteIp" visibility="public" complexity="1" crap="1" count="1"/>
      <line num="129" type="stmt" count="1"/>
      <line num="135" type="method" name="getUserAgent" visibility="public" complexity="1" crap="1" count="1"/>
      <line num="137" type="stmt" count="1"/>
      <line num="144" type="method" name="setUserAgent" visibility="public" complexity="1" crap="1" count="1"/>
      <line num="146" type="stmt" count="1"/>
      <line num="152" type="method" name="getReferralId" visibility="public" complexity="1" crap="1" count="1"/>
      <line num="154" type="stmt" count="1"/>
      <line num="161" type="method" name="setReferralId" visibility="public" complexity="1" crap="1" count="1"/>
      <line num="163" type="stmt" count="1"/>
      <line num="169" type="method" name="getGender" visibility="public" complexity="1" crap="1" count="1"/>
      <line num="171" type="stmt" count="1"/>
      <line num="178" type="method" name="setGender" visibility="public" complexity="1" crap="1" count="1"/>
      <line num="180" type="stmt" count="1"/>
      <line num="186" type="method" name="getBirthDate" visibility="public" complexity="1" crap="1" count="1"/>
      <line num="188" type="stmt" count="1"/>
      <line num="195" type="method" name="setBirthDate" visibility="public" complexity="1" crap="1" count="1"/>
      <line num="197" type="stmt" count="1"/>
      <line num="203" type="method" name="getNationalId" visibility="public" complexity="1" crap="1" count="1"/>
      <line num="205" type="stmt" count="1"/>
      <line num="212" type="method" name="setNationalId" visibility="public" complexity="1" crap="1" count="1"/>
      <line num="214" type="stmt" count="1"/>
      <line num="220" type="method" name="getEmail" visibility="public" complexity="1" crap="1" count="1"/>
      <line num="222" type="stmt" count="1"/>
      <line num="229" type="method" name="setEmail" visibility="public" complexity="1" crap="1" count="1"/>
      <line num="231" type="stmt" count="1"/>
      <line num="237" type="method" name="getFirstname" visibility="public" complexity="1" crap="1" count="1"/>
      <line num="239" type="stmt" count="1"/>
      <line num="246" type="method" name="setFirstname" visibility="public" complexity="1" crap="1" count="1"/>
      <line num="248" type="stmt" count="1"/>
      <line num="254" type="method" name="getMiddlename" visibility="public" complexity="1" crap="1" count="1"/>
      <line num="256" type="stmt" count="1"/>
      <line num="263" type="method" name="setMiddlename" visibility="public" complexity="1" crap="1" count="1"/>
      <line num="265" type="stmt" count="1"/>
      <line num="271" type="method" name="getLastname" visibility="public" complexity="1" crap="1" count="1"/>
      <line num="273" type="stmt" count="1"/>
      <line num="280" type="method" name="setLastname" visibility="public" complexity="1" crap="1" count="1"/>
      <line num="282" type="stmt" count="1"/>
      <line num="288" type="method" name="getPhone" visibility="public" complexity="1" crap="1" count="1"/>
      <line num="290" type="stmt" count="1"/>
      <line num="297" type="method" name="setPhone" visibility="public" complexity="1" crap="1" count="1"/>
      <line num="299" type="stmt" count="1"/>
      <line num="305" type="method" name="getMobile" visibility="public" complexity="1" crap="1" count="1"/>
      <line num="307" type="stmt" count="1"/>
      <line num="314" type="method" name="setMobile" visibility="public" complexity="1" crap="1" count="1"/>
      <line num="316" type="stmt" count="1"/>
      <line num="322" type="method" name="getIsCompany" visibility="public" complexity="1" crap="1" count="1"/>
      <line num="324" type="stmt" count="1"/>
      <line num="331" type="method" name="setIsCompany" visibility="public" complexity="1" crap="1" count="1"/>
      <line num="333" type="stmt" count="1"/>
      <line num="339" type="method" name="getCompanyName" visibility="public" complexity="1" crap="1" count="1"/>
      <line num="341" type="stmt" count="1"/>
      <line num="348" type="method" name="setCompanyName" visibility="public" complexity="1" crap="1" count="1"/>
      <line num="350" type="stmt" count="1"/>
      <line num="356" type="method" name="getCompanyCoCNumber" visibility="public" complexity="1" crap="1" count="1"/>
      <line num="358" type="stmt" count="1"/>
      <line num="365" type="method" name="setCompanyCoCNumber" visibility="public" complexity="1" crap="1" count="1"/>
      <line num="367" type="stmt" count="1"/>
      <line num="373" type="method" name="getCompanyVatNumber" visibility="public" complexity="1" crap="1" count="1"/>
      <line num="375" type="stmt" count="1"/>
      <line num="382" type="method" name="setCompanyVatNumber" visibility="public" complexity="1" crap="1" count="1"/>
      <line num="384" type="stmt" count="1"/>
      <line num="390" type="method" name="getAddressBillingName" visibility="public" complexity="1" crap="1" count="1"/>
      <line num="392" type="stmt" count="1"/>
      <line num="399" type="method" name="setAddressBillingName" visibility="public" complexity="1" crap="1" count="1"/>
      <line num="401" type="stmt" count="1"/>
      <line num="407" type="method" name="getAddressBillingStreet" visibility="public" complexity="1" crap="1" count="1"/>
      <line num="409" type="stmt" count="1"/>
      <line num="416" type="method" name="setAddressBillingStreet" visibility="public" complexity="1" crap="1" count="1"/>
      <line num="418" type="stmt" count="1"/>
      <line num="424" type="method" name="getAddressBillingStreet2" visibility="public" complexity="1" crap="1" count="1"/>
      <line num="426" type="stmt" count="1"/>
      <line num="433" type="method" name="setAddressBillingStreet2" visibility="public" complexity="1" crap="1" count="1"/>
      <line num="435" type="stmt" count="1"/>
      <line num="441" type="method" name="getAddressBillingNumber" visibility="public" complexity="1" crap="1" count="1"/>
      <line num="443" type="stmt" count="1"/>
      <line num="450" type="method" name="setAddressBillingNumber" visibility="public" complexity="1" crap="1" count="1"/>
      <line num="452" type="stmt" count="1"/>
      <line num="458" type="method" name="getAddressBillingExtension" visibility="public" complexity="1" crap="1" count="1"/>
      <line num="460" type="stmt" count="1"/>
      <line num="467" type="method" name="setAddressBillingExtension" visibility="public" complexity="1" crap="1" count="1"/>
      <line num="469" type="stmt" count="1"/>
      <line num="475" type="method" name="getAddressBillingZipcode" visibility="public" complexity="1" crap="1" count="1"/>
      <line num="477" type="stmt" count="1"/>
      <line num="484" type="method" name="setAddressBillingZipcode" visibility="public" complexity="1" crap="1" count="1"/>
      <line num="486" type="stmt" count="1"/>
      <line num="492" type="method" name="getAddressBillingCity" visibility="public" complexity="1" crap="1" count="1"/>
      <line num="494" type="stmt" count="1"/>
      <line num="501" type="method" name="setAddressBillingCity" visibility="public" complexity="1" crap="1" count="1"/>
      <line num="503" type="stmt" count="1"/>
      <line num="509" type="method" name="getAddressBillingRegion" visibility="public" complexity="1" crap="1" count="1"/>
      <line num="511" type="stmt" count="1"/>
      <line num="518" type="method" name="setAddressBillingRegion" visibility="public" complexity="1" crap="1" count="1"/>
      <line num="520" type="stmt" count="1"/>
      <line num="526" type="method" name="getAddressBillingCountry" visibility="public" complexity="1" crap="1" count="1"/>
      <line num="528" type="stmt" count="1"/>
      <line num="535" type="method" name="setAddressBillingCountry" visibility="public" complexity="1" crap="1" count="1"/>
      <line num="537" type="stmt" count="1"/>
      <line num="543" type="method" name="getAddressShippingCompany" visibility="public" complexity="1" crap="1" count="1"/>
      <line num="545" type="stmt" count="1"/>
      <line num="552" type="method" name="setAddressShippingCompany" visibility="public" complexity="1" crap="1" count="1"/>
      <line num="554" type="stmt" count="1"/>
      <line num="560" type="method" name="getAddressShippingName" visibility="public" complexity="1" crap="1" count="1"/>
      <line num="562" type="stmt" count="1"/>
      <line num="569" type="method" name="setAddressShippingName" visibility="public" complexity="1" crap="1" count="1"/>
      <line num="571" type="stmt" count="1"/>
      <line num="577" type="method" name="getAddressShippingStreet" visibility="public" complexity="1" crap="1" count="1"/>
      <line num="579" type="stmt" count="1"/>
      <line num="586" type="method" name="setAddressShippingStreet" visibility="public" complexity="1" crap="1" count="1"/>
      <line num="588" type="stmt" count="1"/>
      <line num="594" type="method" name="getAddressShippingStreet2" visibility="public" complexity="1" crap="1" count="1"/>
      <line num="596" type="stmt" count="1"/>
[...]
      <line num="188" type="stmt" count="1"/>
      <line num="195" type="method" name="setUnitUnit" visibility="public" complexity="1" crap="1" count="1"/>
      <line num="197" type="stmt" count="1"/>
      <line num="203" type="method" name="getPriceExcl" visibility="public" complexity="1" crap="1" count="1"/>
      <line num="205" type="stmt" count="1"/>
      <line num="212" type="method" name="setPriceExcl" visibility="public" complexity="1" crap="1" count="1"/>
      <line num="214" type="stmt" count="1"/>
      <line num="220" type="method" name="getPriceIncl" visibility="public" complexity="1" crap="1" count="1"/>
      <line num="222" type="stmt" count="1"/>
      <line num="229" type="method" name="setPriceIncl" visibility="public" complexity="1" crap="1" count="1"/>
      <line num="231" type="stmt" count="1"/>
      <line num="237" type="method" name="getPriceCost" visibility="public" complexity="1" crap="1" count="1"/>
      <line num="239" type="stmt" count="1"/>
      <line num="246" type="method" name="setPriceCost" visibility="public" complexity="1" crap="1" count="1"/>
      <line num="248" type="stmt" count="1"/>
      <line num="254" type="method" name="getOldPriceExcl" visibility="public" complexity="1" crap="1" count="1"/>
      <line num="256" type="stmt" count="1"/>
      <line num="263" type="method" name="setOldPriceExcl" visibility="public" complexity="1" crap="1" count="1"/>
      <line num="265" type="stmt" count="1"/>
      <line num="271" type="method" name="getOldPriceIncl" visibility="public" complexity="1" crap="1" count="1"/>
      <line num="273" type="stmt" count="1"/>
      <line num="280" type="method" name="setOldPriceIncl" visibility="public" complexity="1" crap="1" count="1"/>
      <line num="282" type="stmt" count="1"/>
      <line num="288" type="method" name="getStockTracking" visibility="public" complexity="1" crap="1" count="1"/>
      <line num="290" type="stmt" count="1"/>
      <line num="297" type="method" name="setStockTracking" visibility="public" complexity="1" crap="1" count="1"/>
      <line num="299" type="stmt" count="1"/>
      <line num="305" type="method" name="getStockLevel" visibility="public" complexity="1" crap="1" count="1"/>
      <line num="307" type="stmt" count="1"/>
      <line num="314" type="method" name="setStockLevel" visibility="public" complexity="1" crap="1" count="1"/>
      <line num="316" type="stmt" count="1"/>
      <line num="322" type="method" name="getStockAlert" visibility="public" complexity="1" crap="1" count="1"/>
      <line num="324" type="stmt" count="1"/>
      <line num="331" type="method" name="setStockAlert" visibility="public" complexity="1" crap="1" count="1"/>
      <line num="333" type="stmt" count="1"/>
      <line num="339" type="method" name="getStockMinimum" visibility="public" complexity="1" crap="1" count="1"/>
      <line num="341" type="stmt" count="1"/>
      <line num="348" type="method" name="setStockMinimum" visibility="public" complexity="1" crap="1" count="1"/>
      <line num="350" type="stmt" count="1"/>
      <line num="356" type="method" name="getStockSold" visibility="public" complexity="1" crap="1" count="1"/>
      <line num="358" type="stmt" count="1"/>
      <line num="365" type="method" name="setStockSold" visibility="public" complexity="1" crap="1" count="1"/>
      <line num="367" type="stmt" count="1"/>
      <line num="373" type="method" name="getStockBuyMininum" visibility="public" complexity="1" crap="1" count="1"/>
      <line num="375" type="stmt" count="1"/>
      <line num="382" type="method" name="setStockBuyMininum" visibility="public" complexity="1" crap="1" count="1"/>
      <line num="384" type="stmt" count="1"/>
      <line num="390" type="method" name="getStockBuyMinimum" visibility="public" complexity="1" crap="1" count="1"/>
      <line num="392" type="stmt" count="1"/>
      <line num="399" type="method" name="setStockBuyMinimum" visibility="public" complexity="1" crap="1" count="1"/>
      <line num="401" type="stmt" count="1"/>
      <line num="407" type="method" name="getStockBuyMaximum" visibility="public" complexity="1" crap="1" count="1"/>
      <line num="409" type="stmt" count="1"/>
      <line num="416" type="method" name="setStockBuyMaximum" visibility="public" complexity="1" crap="1" count="1"/>
      <line num="418" type="stmt" count="1"/>
      <line num="424" type="method" name="getWeight" visibility="public" complexity="1" crap="1" count="1"/>
      <line num="426" type="stmt" count="1"/>
      <line num="433" type="method" name="setWeight" visibility="public" complexity="1" crap="1" count="1"/>
      <line num="435" type="stmt" count="1"/>
      <line num="441" type="method" name="getWeightValue" visibility="public" complexity="1" crap="1" count="1"/>
      <line num="443" type="stmt" count="1"/>
      <line num="450" type="method" name="setWeightValue" visibility="public" complexity="1" crap="1" count="1"/>
      <line num="452" type="stmt" count="1"/>
      <line num="458" type="method" name="getWeightUnit" visibility="public" complexity="1" crap="1" count="1"/>
      <line num="460" type="stmt" count="1"/>
      <line num="467" type="method" name="setWeightUnit" visibility="public" complexity="1" crap="1" count="1"/>
      <line num="469" type="stmt" count="1"/>
      <line num="475" type="method" name="getVolume" visibility="public" complexity="1" crap="1" count="1"/>
      <line num="477" type="stmt" count="1"/>
      <line num="484" type="method" name="setVolume" visibility="public" complexity="1" crap="1" count="1"/>
      <line num="486" type="stmt" count="1"/>
      <line num="492" type="method" name="getVolumeValue" visibility="public" complexity="1" crap="1" count="1"/>
      <line num="494" type="stmt" count="1"/>
      <line num="501" type="method" name="setVolumeValue" visibility="public" complexity="1" crap="1" count="1"/>
      <line num="503" type="stmt" count="1"/>
      <line num="509" type="method" name="getVolumeUnit" visibility="public" complexity="1" crap="1" count="1"/>
      <line num="511" type="stmt" count="1"/>
      <line num="518" type="method" name="setVolumeUnit" visibility="public" complexity="1" crap="1" count="1"/>
      <line num="520" type="stmt" count="1"/>
      <line num="526" type="method" name="getColli" visibility="public" complexity="1" crap="1" count="1"/>
      <line num="528" type="stmt" count="1"/>
      <line num="535" type="method" name="setColli" visibility="public" complexity="1" crap="1" count="1"/>
      <line num="537" type="stmt" count="1"/>
      <line num="543" type="method" name="getSizeX" visibility="public" complexity="1" crap="1" count="1"/>
      <line num="545" type="stmt" count="1"/>
      <line num="552" type="method" name="setSizeX" visibility="public" complexity="1" crap="1" count="1"/>
      <line num="554" type="stmt" count="1"/>
      <line num="560" type="method" name="getSizeY" visibility="public" complexity="1" crap="1" count="1"/>
      <line num="562" type="stmt" count="1"/>
      <line num="569" type="method" name="setSizeY" visibility="public" complexity="1" crap="1" count="1"/>
      <line num="571" type="stmt" count="1"/>
      <line num="577" type="method" name="getSizeZ" visibility="public" complexity="1" crap="1" count="1"/>
      <line num="579" type="stmt" count="1"/>
      <line num="586" type="method" name="setSizeZ" visibility="public" complexity="1" crap="1" count="1"/>
      <line num="588" type="stmt" count="1"/>
      <line num="594" type="method" name="getSizeXValue" visibility="public" complexity="1" crap="1" count="1"/>
      <line num="596" type="stmt" count="1"/>
      <line num="603" type="method" name="setSizeXValue" visibility="public" complexity="1" crap="1" count="1"/>
      <line num="605" type="stmt" count="1"/>
      <line num="611" type="method" name="getSizeYValue" visibility="public" complexity="1" crap="1" count="1"/>
      <line num="613" type="stmt" count="1"/>
      <line num="620" type="method" name="setSizeYValue" visibility="public" complexity="1" crap="1" count="1"/>
      <line num="622" type="stmt" count="1"/>
      <line num="628" type="method" name="getSizeZValue" visibility="public" complexity="1" crap="1" count="1"/>
      <line num="630" type="stmt" count="1"/>
      <line num="637" type="method" name="setSizeZValue" visibility="public" complexity="1" crap="1" count="1"/>
      <line num="639" type="stmt" count="1"/>
      <line num="645" type="method" name="getSizeUnit" visibility="public" complexity="1" crap="1" count="1"/>
      <line num="647" type="stmt" count="1"/>
      <line num="654" type="method" name="setSizeUnit" visibility="public" complexity="1" crap="1" count="1"/>
      <line num="656" type="stmt" count="1"/>
      <line num="662" type="method" name="getMatrix" visibility="public" complexity="1" crap="1" count="1"/>
      <line num="664" type="stmt" count="1"/>
      <line num="671" type="method" name="setMatrix" visibility="public" complexity="1" crap="1" count="1"/>
      <line num="673" type="stmt" count="1"/>
      <line num="679" type="method" name="getTitle" visibility="public" complexity="1" crap="1" count="1"/>
      <line num="681" type="stmt" count="1"/>
      <line num="688" type="method" name="setTitle" visibility="public" complexity="1" crap="1" count="1"/>
      <line num="690" type="stmt" count="1"/>
      <line num="696" type="method" name="getTaxType" visibility="public" complexity="1" crap="1" count="1"/>
      <line num="698" type="stmt" count="1"/>
      <line num="705" type="method" name="setTaxType" visibility="public" complexity="1" crap="1" count="1"/>
      <line num="707" type="stmt" count="1"/>
      <line num="713" type="method" name="getImage" visibility="public" complexity="2" crap="2" count="1"/>
      <line num="715" type="stmt" count="1"/>
      <line num="722" type="method" name="setImage" visibility="public" complexity="1" crap="1" count="1"/>
      <line num="724" type="stmt" count="1"/>
      <line num="730" type="method" name="getTax" visibility="public" complexity="1" crap="1" count="1"/>
      <line num="732" type="stmt" count="1"/>
      <line num="739" type="method" name="setTax" visibility="public" complexity="1" crap="1" count="1"/>
      <line num="741" type="stmt" count="1"/>
      <line num="747" type="method" name="getProduct" visibility="public" complexity="1" crap="1" count="1"/>
      <line num="749" type="stmt" count="1"/>
      <line num="756" type="method" name="getProductId" visibility="public" complexity="1" crap="1" count="1"/>
      <line num="758" type="stmt" count="1"/>
      <line num="765" type="method" name="setProduct" visibility="public" complexity="1" crap="1" count="1"/>
      <line num="767" type="stmt" count="1"/>
      <line num="769" type="stmt" count="1"/>
      <line num="775" type="method" name="getMovements" visibility="public" complexity="1" crap="1" count="1"/>
      <line num="777" type="stmt" count="1"/>
      <line num="785" type="method" name="setMovements" visibility="public" complexity="1" crap="1" count="1"/>
      <line num="787" type="stmt" count="1"/>
      <line num="789" type="stmt" count="1"/>
      <line num="795" type="method" name="getMetafields" visibility="public" complexity="1" crap="1" count="1"/>
      <line num="797" type="stmt" count="1"/>
      <line num="805" type="method" name="setMetafields" visibility="public" complexity="1" crap="1" count="1"/>
      <line num="807" type="stmt" count="1"/>
      <line num="809" type="stmt" count="1"/>
      <line num="815" type="method" name="getAdditionalcost" visibility="public" complexity="1" crap="1" count="1"/>
      <line num="817" type="stmt" count="1"/>
      <line num="824" type="method" name="setAdditionalcost" visibility="public" complexity="1" crap="1" count="1"/>
      <line num="826" type="stmt" count="1"/>
      <line num="832" type="method" name="getOptions" visibility="public" complexity="1" crap="1" count="1"/>
      <line num="834" type="stmt" count="1"/>
      <line num="841" type="method" name="setOptions" visibility="public" complexity="1" crap="1" count="1"/>
      <line num="843" type="stmt" count="1"/>
      <metrics loc="847" ncloc="500" classes="1" methods="95" coveredmethods="95" conditionals="0" coveredconditionals="0" statements="98" coveredstatements="98" elements="193" coveredelements="193"/>
    </file>
    <file name="/Users/jessegall/Projects/lightspeed-sdk/src/Resources/VariantMetafield.php">
      <class name="JesseGall\LightspeedSDK\Resources\VariantMetafield" namespace="global">
        <metrics complexity="0" methods="0" coveredmethods="0" conditionals="0" coveredconditionals="0" statements="0" coveredstatements="0" elements="0" coveredelements="0"/>
      </class>
      <metrics loc="28" ncloc="13" classes="0" methods="0" coveredmethods="0" conditionals="0" coveredconditionals="0" statements="0" coveredstatements="0" elements="0" coveredelements="0"/>
    </file>
    <file name="/Users/jessegall/Projects/lightspeed-sdk/src/Resources/VariantMovement.php">
      <class name="JesseGall\LightspeedSDK\Resources\VariantMovement" namespace="global">
        <metrics complexity="12" methods="12" coveredmethods="12" conditionals="0" coveredconditionals="0" statements="14" coveredstatements="14" elements="26" coveredelements="26"/>
      </class>
      <line num="31" type="method" name="getCreatedAt" visibility="public" complexity="1" crap="1" count="1"/>
      <line num="33" type="stmt" count="1"/>
      <line num="40" type="method" name="setCreatedAt" visibility="public" complexity="1" crap="1" count="1"/>
      <line num="42" type="stmt" count="1"/>
      <line num="48" type="method" name="getChannel" visibility="public" complexity="1" crap="1" count="1"/>
      <line num="50" type="stmt" count="1"/>
      <line num="57" type="method" name="setChannel" visibility="public" complexity="1" crap="1" count="1"/>
      <line num="59" type="stmt" count="1"/>
      <line num="65" type="method" name="getStockLevelChange" visibility="public" complexity="1" crap="1" count="1"/>
      <line num="67" type="stmt" count="1"/>
      <line num="74" type="method" name="setStockLevelChange" visibility="public" complexity="1" crap="1" count="1"/>
      <line num="76" type="stmt" count="1"/>
      <line num="82" type="method" name="getProduct" visibility="public" complexity="1" crap="1" count="1"/>
      <line num="84" type="stmt" count="1"/>
      <line num="91" type="method" name="getProductId" visibility="public" complexity="1" crap="1" count="1"/>
      <line num="93" type="stmt" count="1"/>
      <line num="100" type="method" name="setProduct" visibility="public" complexity="1" crap="1" count="1"/>
      <line num="102" type="stmt" count="1"/>
      <line num="104" type="stmt" count="1"/>
      <line num="110" type="method" name="getVariant" visibility="public" complexity="1" crap="1" count="1"/>
      <line num="112" type="stmt" count="1"/>
      <line num="119" type="method" name="getVariantId" visibility="public" complexity="1" crap="1" count="1"/>
      <line num="121" type="stmt" count="1"/>
      <line num="128" type="method" name="setVariant" visibility="public" complexity="1" crap="1" count="1"/>
      <line num="130" type="stmt" count="1"/>
      <line num="132" type="stmt" count="1"/>
      <metrics loc="136" ncloc="80" classes="1" methods="12" coveredmethods="12" conditionals="0" coveredconditionals="0" statements="14" coveredstatements="14" elements="26" coveredelements="26"/>
    </file>
    <file name="/Users/jessegall/Projects/lightspeed-sdk/src/Resources/Webhook.php">
      <class name="JesseGall\LightspeedSDK\Resources\Webhook" namespace="global">
        <metrics complexity="16" methods="16" coveredmethods="16" conditionals="0" coveredconditionals="0" statements="16" coveredstatements="16" elements="32" coveredelements="32"/>
      </class>
      <line num="31" type="method" name="getCreatedAt" visibility="public" complexity="1" crap="1" count="1"/>
      <line num="33" type="stmt" count="1"/>
      <line num="40" type="method" name="setCreatedAt" visibility="public" complexity="1" crap="1" count="1"/>
      <line num="42" type="stmt" count="1"/>
      <line num="48" type="method" name="getUpdatedAt" visibility="public" complexity="1" crap="1" count="1"/>
      <line num="50" type="stmt" count="1"/>
      <line num="57" type="method" name="setUpdatedAt" visibility="public" complexity="1" crap="1" count="1"/>
      <line num="59" type="stmt" count="1"/>
      <line num="65" type="method" name="getIsActive" visibility="public" complexity="1" crap="1" count="1"/>
      <line num="67" type="stmt" count="1"/>
      <line num="74" type="method" name="setIsActive" visibility="public" complexity="1" crap="1" count="1"/>
      <line num="76" type="stmt" count="1"/>
      <line num="82" type="method" name="getItemGroup" visibility="public" complexity="1" crap="1" count="1"/>
      <line num="84" type="stmt" count="1"/>
      <line num="91" type="method" name="setItemGroup" visibility="public" complexity="1" crap="1" count="1"/>
      <line num="93" type="stmt" count="1"/>
      <line num="99" type="method" name="getItemAction" visibility="public" complexity="1" crap="1" count="1"/>
      <line num="101" type="stmt" count="1"/>
      <line num="108" type="method" name="setItemAction" visibility="public" complexity="1" crap="1" count="1"/>
      <line num="110" type="stmt" count="1"/>
      <line num="116" type="method" name="getLanguage" visibility="public" complexity="1" crap="1" count="1"/>
      <line num="118" type="stmt" count="1"/>
      <line num="125" type="method" name="setLanguage" visibility="public" complexity="1" crap="1" count="1"/>
      <line num="127" type="stmt" count="1"/>
      <line num="133" type="method" name="getFormat" visibility="public" complexity="1" crap="1" count="1"/>
      <line num="135" type="stmt" count="1"/>
      <line num="142" type="method" name="setFormat" visibility="public" complexity="1" crap="1" count="1"/>
      <line num="144" type="stmt" count="1"/>
      <line num="150" type="method" name="getAddress" visibility="public" complexity="1" crap="1" count="1"/>
      <line num="152" type="stmt" count="1"/>
      <line num="159" type="method" name="setAddress" visibility="public" complexity="1" crap="1" count="1"/>
      <line num="161" type="stmt" count="1"/>
      <metrics loc="165" ncloc="94" classes="1" methods="16" coveredmethods="16" conditionals="0" coveredconditionals="0" statements="16" coveredstatements="16" elements="32" coveredelements="32"/>
    </file>
    <file name="/Users/jessegall/Projects/lightspeed-sdk/src/WebshopappApiClientProxy.php">
      <class name="JesseGall\LightspeedSDK\WebshopappApiClientProxy" namespace="global">
        <metrics complexity="2" methods="2" coveredmethods="2" conditionals="0" coveredconditionals="0" statements="7" coveredstatements="7" elements="9" coveredelements="9"/>
      </class>
      <line num="20" type="method" name="__construct" visibility="public" complexity="1" crap="1" count="1"/>
      <line num="22" type="stmt" count="1"/>
      <line num="24" type="stmt" count="1"/>
      <line num="26" type="stmt" count="1"/>
      <line num="27" type="stmt" count="1"/>
      <line num="28" type="stmt" count="1"/>
      <line num="29" type="stmt" count="1"/>
      <line num="32" type="method" name="count" visibility="public" complexity="1" crap="1" count="1"/>
      <line num="34" type="stmt" count="1"/>
      <metrics loc="37" ncloc="34" classes="1" methods="2" coveredmethods="2" conditionals="0" coveredconditionals="0" statements="7" coveredstatements="7" elements="9" coveredelements="9"/>
    </file>
    <metrics files="105" loc="19515" ncloc="11442" classes="94" methods="1900" coveredmethods="1880" conditionals="0" coveredconditionals="0" statements="2104" coveredstatements="2052" elements="4004" coveredelements="3932"/>
  </project>
</coverage>
